TN:
SF:services\tasks-service\src\controllers\TasksController.js
FN:5,(anonymous_0)
FN:9,(anonymous_1)
FN:25,(anonymous_2)
FN:58,(anonymous_3)
FN:85,(anonymous_4)
FN:110,(anonymous_5)
FN:152,(anonymous_6)
FNF:7
FNH:0
FNDA:0,(anonymous_0)
FNDA:0,(anonymous_1)
FNDA:0,(anonymous_2)
FNDA:0,(anonymous_3)
FNDA:0,(anonymous_4)
FNDA:0,(anonymous_5)
FNDA:0,(anonymous_6)
DA:1,0
DA:2,0
DA:6,0
DA:10,0
DA:11,0
DA:12,0
DA:18,0
DA:26,0
DA:27,0
DA:28,0
DA:30,0
DA:31,0
DA:37,0
DA:39,0
DA:40,0
DA:46,0
DA:51,0
DA:59,0
DA:60,0
DA:61,0
DA:63,0
DA:64,0
DA:70,0
DA:72,0
DA:78,0
DA:86,0
DA:87,0
DA:89,0
DA:90,0
DA:96,0
DA:98,0
DA:103,0
DA:111,0
DA:112,0
DA:113,0
DA:115,0
DA:116,0
DA:122,0
DA:124,0
DA:125,0
DA:131,0
DA:133,0
DA:134,0
DA:140,0
DA:145,0
DA:153,0
DA:154,0
DA:155,0
DA:157,0
DA:158,0
DA:164,0
DA:166,0
DA:167,0
DA:173,0
DA:178,0
DA:186,0
LF:56
LH:0
BRDA:30,0,0,0
BRDA:30,0,1,0
BRDA:39,1,0,0
BRDA:39,1,1,0
BRDA:63,2,0,0
BRDA:63,2,1,0
BRDA:89,3,0,0
BRDA:89,3,1,0
BRDA:115,4,0,0
BRDA:115,4,1,0
BRDA:124,5,0,0
BRDA:124,5,1,0
BRDA:133,6,0,0
BRDA:133,6,1,0
BRDA:157,7,0,0
BRDA:157,7,1,0
BRDA:166,8,0,0
BRDA:166,8,1,0
BRF:18
BRH:0
end_of_record
TN:
SF:services\tasks-service\src\database\dbConfig.js
FNF:0
FNH:0
DA:1,0
DA:2,0
DA:3,0
DA:5,0
DA:6,0
DA:9,0
DA:10,0
DA:13,0
DA:16,0
DA:19,0
DA:21,0
LF:11
LH:0
BRDA:5,0,0,0
BRDA:5,0,1,0
BRDA:9,1,0,0
BRDA:9,1,1,0
BRF:4
BRH:0
end_of_record
TN:
SF:services\tasks-service\src\database\init.js
FN:3,initializeDatabase
FN:76,(anonymous_1)
FNF:2
FNH:0
FNDA:0,initializeDatabase
FNDA:0,(anonymous_1)
DA:1,0
DA:4,0
DA:6,0
DA:21,0
DA:26,0
DA:27,0
DA:28,0
DA:33,0
DA:76,0
DA:77,0
DA:78,0
DA:82,0
DA:84,0
DA:88,0
DA:91,0
DA:92,0
DA:96,0
LF:17
LH:0
BRDA:27,0,0,0
BRDA:27,0,1,0
BRF:2
BRH:0
end_of_record
TN:
SF:services\tasks-service\src\models\Task.js
FN:2,(anonymous_0)
FN:14,(anonymous_1)
FNF:2
FNH:0
FNDA:0,(anonymous_0)
FNDA:0,(anonymous_1)
DA:3,0
DA:4,0
DA:5,0
DA:6,0
DA:7,0
DA:8,0
DA:9,0
DA:10,0
DA:11,0
DA:15,0
DA:29,0
LF:11
LH:0
BRDA:6,0,0,0
BRDA:6,0,1,0
BRDA:7,1,0,0
BRDA:7,1,1,0
BRDA:8,2,0,0
BRDA:8,2,1,0
BRDA:9,3,0,0
BRDA:9,3,1,0
BRDA:10,4,0,0
BRDA:10,4,1,0
BRDA:11,5,0,0
BRDA:11,5,1,0
BRF:12
BRH:0
end_of_record
TN:
SF:services\tasks-service\src\repositories\TasksRepository.js
FN:5,(anonymous_0)
FN:8,(anonymous_1)
FN:16,(anonymous_2)
FN:30,(anonymous_3)
FN:33,(anonymous_4)
FN:41,(anonymous_5)
FN:68,(anonymous_6)
FN:120,(anonymous_7)
FN:131,(anonymous_8)
FNF:9
FNH:0
FNDA:0,(anonymous_0)
FNDA:0,(anonymous_1)
FNDA:0,(anonymous_2)
FNDA:0,(anonymous_3)
FNDA:0,(anonymous_4)
FNDA:0,(anonymous_5)
FNDA:0,(anonymous_6)
FNDA:0,(anonymous_7)
FNDA:0,(anonymous_8)
DA:1,0
DA:2,0
DA:6,0
DA:7,0
DA:8,0
DA:11,0
DA:12,0
DA:17,0
DA:18,0
DA:19,0
DA:20,0
DA:22,0
DA:25,0
DA:26,0
DA:31,0
DA:32,0
DA:33,0
DA:36,0
DA:37,0
DA:42,0
DA:43,0
DA:44,0
DA:60,0
DA:63,0
DA:64,0
DA:69,0
DA:70,0
DA:71,0
DA:73,0
DA:74,0
DA:75,0
DA:77,0
DA:78,0
DA:79,0
DA:81,0
DA:82,0
DA:83,0
DA:85,0
DA:86,0
DA:87,0
DA:89,0
DA:90,0
DA:91,0
DA:93,0
DA:94,0
DA:95,0
DA:98,0
DA:99,0
DA:102,0
DA:103,0
DA:104,0
DA:106,0
DA:108,0
DA:109,0
DA:112,0
DA:115,0
DA:116,0
DA:121,0
DA:122,0
DA:123,0
DA:126,0
DA:127,0
DA:132,0
DA:146,0
LF:64
LH:0
BRDA:19,0,0,0
BRDA:19,0,1,0
BRDA:52,1,0,0
BRDA:52,1,1,0
BRDA:53,2,0,0
BRDA:53,2,1,0
BRDA:54,3,0,0
BRDA:54,3,1,0
BRDA:55,4,0,0
BRDA:55,4,1,0
BRDA:73,5,0,0
BRDA:73,5,1,0
BRDA:77,6,0,0
BRDA:77,6,1,0
BRDA:81,7,0,0
BRDA:81,7,1,0
BRDA:85,8,0,0
BRDA:85,8,1,0
BRDA:89,9,0,0
BRDA:89,9,1,0
BRDA:91,10,0,0
BRDA:91,10,1,0
BRDA:93,11,0,0
BRDA:93,11,1,0
BRDA:98,12,0,0
BRDA:98,12,1,0
BRDA:108,13,0,0
BRDA:108,13,1,0
BRDA:136,14,0,0
BRDA:136,14,1,0
BRDA:139,15,0,0
BRDA:139,15,1,0
BRF:32
BRH:0
end_of_record
TN:
SF:services\tasks-service\src\routes\tasksRoutes.js
FN:5,tasksRoutes
FNF:1
FNH:0
FNDA:0,tasksRoutes
DA:1,0
DA:3,0
DA:7,0
DA:10,0
DA:13,0
DA:16,0
DA:19,0
DA:22,0
DA:25,0
LF:9
LH:0
BRF:0
BRH:0
end_of_record
TN:
SF:services\tasks-service\src\services\ValidationService.js
FN:2,(anonymous_0)
FN:39,(anonymous_1)
FNF:2
FNH:2
FNDA:16,(anonymous_0)
FNDA:6,(anonymous_1)
DA:3,16
DA:5,16
DA:6,2
DA:9,16
DA:10,1
DA:13,16
DA:14,1
DA:17,16
DA:18,1
DA:21,16
DA:22,1
DA:25,16
DA:26,1
DA:29,16
DA:30,1
DA:33,16
DA:40,6
DA:42,6
DA:43,5
DA:46,6
DA:53,1
LF:21
LH:21
BRDA:5,0,0,2
BRDA:5,0,1,14
BRDA:5,1,0,16
BRDA:5,1,1,14
BRDA:5,1,2,14
BRDA:9,2,0,1
BRDA:9,2,1,15
BRDA:9,3,0,16
BRDA:9,3,1,14
BRDA:13,4,0,1
BRDA:13,4,1,15
BRDA:13,5,0,16
BRDA:13,5,1,15
BRDA:17,6,0,1
BRDA:17,6,1,15
BRDA:17,7,0,16
BRDA:17,7,1,15
BRDA:17,7,2,15
BRDA:21,8,0,1
BRDA:21,8,1,15
BRDA:21,9,0,16
BRDA:21,9,1,6
BRDA:25,10,0,1
BRDA:25,10,1,15
BRDA:25,11,0,16
BRDA:25,11,1,5
BRDA:29,12,0,1
BRDA:29,12,1,15
BRDA:29,13,0,16
BRDA:29,13,1,1
BRDA:42,14,0,5
BRDA:42,14,1,1
BRDA:42,15,0,6
BRDA:42,15,1,4
BRDA:42,15,2,3
BRF:35
BRH:35
end_of_record
TN:
SF:services\users-service\src\clients\TasksClient.js
FN:4,(anonymous_0)
FN:8,(anonymous_1)
FN:9,(anonymous_2)
FN:13,(anonymous_3)
FN:16,(anonymous_4)
FN:20,(anonymous_5)
FN:33,(anonymous_6)
FNF:7
FNH:0
FNDA:0,(anonymous_0)
FNDA:0,(anonymous_1)
FNDA:0,(anonymous_2)
FNDA:0,(anonymous_3)
FNDA:0,(anonymous_4)
FNDA:0,(anonymous_5)
FNDA:0,(anonymous_6)
DA:1,0
DA:5,0
DA:9,0
DA:10,0
DA:12,0
DA:14,0
DA:16,0
DA:17,0
DA:20,0
DA:21,0
DA:22,0
DA:23,0
DA:24,0
DA:26,0
DA:29,0
DA:34,0
DA:40,0
LF:17
LH:0
BRDA:4,0,0,0
BRDA:23,1,0,0
BRDA:23,1,1,0
BRDA:24,2,0,0
BRDA:24,2,1,0
BRDA:26,3,0,0
BRDA:26,3,1,0
BRF:7
BRH:0
end_of_record
TN:
SF:services\users-service\src\controllers\UsersController.js
FN:6,(anonymous_0)
FN:11,(anonymous_1)
FN:27,(anonymous_2)
FN:60,(anonymous_3)
FN:89,(anonymous_4)
FN:90,(anonymous_5)
FN:91,(anonymous_6)
FN:92,(anonymous_7)
FN:95,(anonymous_8)
FN:96,(anonymous_9)
FN:97,(anonymous_10)
FN:121,(anonymous_11)
FN:180,(anonymous_12)
FN:241,(anonymous_13)
FNF:14
FNH:0
FNDA:0,(anonymous_0)
FNDA:0,(anonymous_1)
FNDA:0,(anonymous_2)
FNDA:0,(anonymous_3)
FNDA:0,(anonymous_4)
FNDA:0,(anonymous_5)
FNDA:0,(anonymous_6)
FNDA:0,(anonymous_7)
FNDA:0,(anonymous_8)
FNDA:0,(anonymous_9)
FNDA:0,(anonymous_10)
FNDA:0,(anonymous_11)
FNDA:0,(anonymous_12)
FNDA:0,(anonymous_13)
DA:1,0
DA:2,0
DA:3,0
DA:7,0
DA:8,0
DA:12,0
DA:13,0
DA:14,0
DA:20,0
DA:28,0
DA:29,0
DA:30,0
DA:32,0
DA:33,0
DA:39,0
DA:41,0
DA:42,0
DA:48,0
DA:53,0
DA:61,0
DA:62,0
DA:63,0
DA:65,0
DA:66,0
DA:73,0
DA:74,0
DA:75,0
DA:82,0
DA:83,0
DA:86,0
DA:89,0
DA:90,0
DA:91,0
DA:92,0
DA:95,0
DA:96,0
DA:97,0
DA:101,0
DA:107,0
DA:114,0
DA:122,0
DA:123,0
DA:125,0
DA:126,0
DA:133,0
DA:134,0
DA:135,0
DA:142,0
DA:143,0
DA:144,0
DA:150,0
DA:152,0
DA:158,0
DA:159,0
DA:160,0
DA:165,0
DA:166,0
DA:173,0
DA:181,0
DA:182,0
DA:183,0
DA:185,0
DA:186,0
DA:192,0
DA:194,0
DA:195,0
DA:202,0
DA:203,0
DA:204,0
DA:205,0
DA:212,0
DA:214,0
DA:215,0
DA:221,0
DA:227,0
DA:228,0
DA:234,0
DA:242,0
DA:243,0
DA:244,0
DA:246,0
DA:247,0
DA:253,0
DA:255,0
DA:256,0
DA:262,0
DA:267,0
DA:275,0
LF:88
LH:0
BRDA:32,0,0,0
BRDA:32,0,1,0
BRDA:41,1,0,0
BRDA:41,1,1,0
BRDA:65,2,0,0
BRDA:65,2,1,0
BRDA:74,3,0,0
BRDA:74,3,1,0
BRDA:125,4,0,0
BRDA:125,4,1,0
BRDA:134,5,0,0
BRDA:134,5,1,0
BRDA:143,6,0,0
BRDA:143,6,1,0
BRDA:158,7,0,0
BRDA:158,7,1,0
BRDA:159,8,0,0
BRDA:159,8,1,0
BRDA:165,9,0,0
BRDA:165,9,1,0
BRDA:185,10,0,0
BRDA:185,10,1,0
BRDA:194,11,0,0
BRDA:194,11,1,0
BRDA:202,12,0,0
BRDA:202,12,1,0
BRDA:204,13,0,0
BRDA:204,13,1,0
BRDA:204,14,0,0
BRDA:204,14,1,0
BRDA:214,15,0,0
BRDA:214,15,1,0
BRDA:227,16,0,0
BRDA:227,16,1,0
BRDA:246,17,0,0
BRDA:246,17,1,0
BRDA:255,18,0,0
BRDA:255,18,1,0
BRF:38
BRH:0
end_of_record
TN:
SF:services\users-service\src\database\dbConfig.js
FNF:0
FNH:0
DA:1,0
DA:2,0
DA:3,0
DA:5,0
DA:6,0
DA:9,0
DA:10,0
DA:13,0
DA:16,0
DA:19,0
DA:21,0
LF:11
LH:0
BRDA:5,0,0,0
BRDA:5,0,1,0
BRDA:9,1,0,0
BRDA:9,1,1,0
BRF:4
BRH:0
end_of_record
TN:
SF:services\users-service\src\database\init.js
FN:3,initializeDatabase
FN:41,(anonymous_1)
FNF:2
FNH:0
FNDA:0,initializeDatabase
FNDA:0,(anonymous_1)
DA:1,0
DA:4,0
DA:6,0
DA:19,0
DA:23,0
DA:28,0
DA:29,0
DA:30,0
DA:35,0
DA:41,0
DA:42,0
DA:43,0
DA:47,0
DA:49,0
DA:53,0
DA:56,0
DA:57,0
DA:61,0
LF:18
LH:0
BRDA:29,0,0,0
BRDA:29,0,1,0
BRF:2
BRH:0
end_of_record
TN:
SF:services\users-service\src\models\User.js
FN:2,(anonymous_0)
FN:12,(anonymous_1)
FNF:2
FNH:0
FNDA:0,(anonymous_0)
FNDA:0,(anonymous_1)
DA:3,0
DA:4,0
DA:5,0
DA:6,0
DA:7,0
DA:8,0
DA:9,0
DA:13,0
DA:25,0
LF:9
LH:0
BRDA:6,0,0,0
BRDA:6,0,1,0
BRDA:7,1,0,0
BRDA:7,1,1,0
BRDA:8,2,0,0
BRDA:8,2,1,0
BRDA:9,3,0,0
BRDA:9,3,1,0
BRF:8
BRH:0
end_of_record
TN:
SF:services\users-service\src\repositories\UsersRepository.js
FN:5,(anonymous_0)
FN:8,(anonymous_1)
FN:16,(anonymous_2)
FN:30,(anonymous_3)
FN:44,(anonymous_4)
FN:58,(anonymous_5)
FN:83,(anonymous_6)
FN:123,(anonymous_7)
FN:134,(anonymous_8)
FNF:9
FNH:0
FNDA:0,(anonymous_0)
FNDA:0,(anonymous_1)
FNDA:0,(anonymous_2)
FNDA:0,(anonymous_3)
FNDA:0,(anonymous_4)
FNDA:0,(anonymous_5)
FNDA:0,(anonymous_6)
FNDA:0,(anonymous_7)
FNDA:0,(anonymous_8)
DA:1,0
DA:2,0
DA:6,0
DA:7,0
DA:8,0
DA:11,0
DA:12,0
DA:17,0
DA:18,0
DA:19,0
DA:20,0
DA:22,0
DA:25,0
DA:26,0
DA:31,0
DA:32,0
DA:33,0
DA:34,0
DA:36,0
DA:39,0
DA:40,0
DA:45,0
DA:46,0
DA:47,0
DA:48,0
DA:50,0
DA:53,0
DA:54,0
DA:59,0
DA:60,0
DA:61,0
DA:75,0
DA:78,0
DA:79,0
DA:84,0
DA:85,0
DA:86,0
DA:88,0
DA:89,0
DA:90,0
DA:92,0
DA:93,0
DA:94,0
DA:96,0
DA:97,0
DA:98,0
DA:101,0
DA:102,0
DA:105,0
DA:106,0
DA:107,0
DA:109,0
DA:111,0
DA:112,0
DA:115,0
DA:118,0
DA:119,0
DA:124,0
DA:125,0
DA:126,0
DA:129,0
DA:130,0
DA:135,0
DA:147,0
LF:64
LH:0
BRDA:19,0,0,0
BRDA:19,0,1,0
BRDA:33,1,0,0
BRDA:33,1,1,0
BRDA:47,2,0,0
BRDA:47,2,1,0
BRDA:69,3,0,0
BRDA:69,3,1,0
BRDA:70,4,0,0
BRDA:70,4,1,0
BRDA:88,5,0,0
BRDA:88,5,1,0
BRDA:92,6,0,0
BRDA:92,6,1,0
BRDA:96,7,0,0
BRDA:96,7,1,0
BRDA:101,8,0,0
BRDA:101,8,1,0
BRDA:111,9,0,0
BRDA:111,9,1,0
BRDA:139,10,0,0
BRDA:139,10,1,0
BRDA:140,11,0,0
BRDA:140,11,1,0
BRF:24
BRH:0
end_of_record
TN:
SF:services\users-service\src\routes\usersRoutes.js
FN:5,usersRoutes
FNF:1
FNH:0
FNDA:0,usersRoutes
DA:1,0
DA:3,0
DA:7,0
DA:10,0
DA:13,0
DA:16,0
DA:19,0
DA:22,0
DA:25,0
LF:9
LH:0
BRF:0
BRH:0
end_of_record
TN:
SF:services\users-service\src\services\ValidationService.js
FN:2,(anonymous_0)
FN:47,(anonymous_1)
FN:52,(anonymous_2)
FNF:3
FNH:3
FNDA:10,(anonymous_0)
FNDA:9,(anonymous_1)
FNDA:2,(anonymous_2)
DA:3,10
DA:5,10
DA:6,1
DA:9,10
DA:10,1
DA:13,10
DA:14,1
DA:17,10
DA:18,1
DA:21,10
DA:22,1
DA:25,10
DA:26,0
DA:29,10
DA:30,0
DA:33,10
DA:34,0
DA:37,10
DA:38,0
DA:41,10
DA:48,9
DA:49,9
DA:53,2
DA:55,2
DA:56,1
DA:59,2
DA:66,1
LF:27
LH:23
BRDA:5,0,0,1
BRDA:5,0,1,9
BRDA:5,1,0,10
BRDA:5,1,1,9
BRDA:5,1,2,9
BRDA:9,2,0,1
BRDA:9,2,1,9
BRDA:9,3,0,10
BRDA:9,3,1,9
BRDA:13,4,0,1
BRDA:13,4,1,9
BRDA:13,5,0,10
BRDA:13,5,1,9
BRDA:13,5,2,9
BRDA:17,6,0,1
BRDA:17,6,1,9
BRDA:17,7,0,10
BRDA:17,7,1,9
BRDA:21,8,0,1
BRDA:21,8,1,9
BRDA:21,9,0,10
BRDA:21,9,1,9
BRDA:25,10,0,0
BRDA:25,10,1,10
BRDA:25,11,0,10
BRDA:25,11,1,1
BRDA:29,12,0,0
BRDA:29,12,1,10
BRDA:29,13,0,10
BRDA:29,13,1,1
BRDA:33,14,0,0
BRDA:33,14,1,10
BRDA:33,15,0,10
BRDA:33,15,1,1
BRDA:37,16,0,0
BRDA:37,16,1,10
BRDA:37,17,0,10
BRDA:37,17,1,1
BRDA:55,18,0,1
BRDA:55,18,1,1
BRDA:55,19,0,2
BRDA:55,19,1,2
BRDA:55,19,2,2
BRF:43
BRH:39
end_of_record
